<?xml version="1.0" encoding="UTF-8"?>
<!-- Generated by org.testng.reporters.JUnitReportReporter -->
<testsuite hostname="DESKTOP-JP61GAF" failures="0" tests="3" name="TestSuites.Staging_Environment.SwagLabsTestClass01" time="11.702" errors="0" timestamp="2023-07-23T17:14:54 EDT" skipped="0">
  <testcase classname="TestSuites.Staging_Environment.SwagLabsTestClass01" name="A1_verifyHomePageText" time="0.166"/>
  <system-out/>
  <testcase classname="TestSuites.Staging_Environment.SwagLabsTestClass01" name="A3_loginWithvalidCredentials" time="5.811"/>
  <system-out/>
  <testcase classname="TestSuites.Staging_Environment.SwagLabsTestClass01" name="A2_loginWithInvalidCredentials" time="5.725"/>
  <system-out/>
</testsuite> <!-- TestSuites.Staging_Environment.SwagLabsTestClass01 -->
