<?xml version="1.0" encoding="UTF-8"?>
<!-- Generated by org.testng.reporters.JUnitReportReporter -->
<testsuite hostname="DESKTOP-JP61GAF" failures="0" tests="4" name="TestSuites.QA_Environment.HerokuAppTestClass01" time="11.098" errors="0" timestamp="2023-07-23T16:23:54 EDT" skipped="0">
  <testcase classname="TestSuites.QA_Environment.HerokuAppTestClass01" name="A1_verifyWelcomeText" time="0.188"/>
  <system-out/>
  <testcase classname="TestSuites.QA_Environment.HerokuAppTestClass01" name="A2_verifyAddRemoveElementsText" time="0.348"/>
  <system-out/>
  <testcase classname="TestSuites.QA_Environment.HerokuAppTestClass01" name="A3_verifyDeleteButtonPresent" time="0.320"/>
  <system-out/>
  <testcase classname="TestSuites.QA_Environment.HerokuAppTestClass01" name="A4_verifyDeleteButtonNotPresent" time="10.242"/>
  <system-out/>
</testsuite> <!-- TestSuites.QA_Environment.HerokuAppTestClass01 -->
