<?xml version="1.0" encoding="UTF-8"?>
<!-- Generated by org.testng.reporters.JUnitReportReporter -->
<testsuite hostname="DESKTOP-JP61GAF" failures="0" tests="4" name="TestSuites.QA_Environment.HerokuAppTestClass01" time="11.071" errors="0" timestamp="2023-07-25T17:47:23 EDT" skipped="0">
  <testcase classname="TestSuites.QA_Environment.HerokuAppTestClass01" name="A3_verifyDeleteButtonPresent" time="0.179"/>
  <system-out/>
  <testcase classname="TestSuites.QA_Environment.HerokuAppTestClass01" name="A1_verifyWelcomeText" time="0.211"/>
  <system-out/>
  <testcase classname="TestSuites.QA_Environment.HerokuAppTestClass01" name="A4_verifyDeleteButtonNotPresent" time="10.253"/>
  <system-out/>
  <testcase classname="TestSuites.QA_Environment.HerokuAppTestClass01" name="A2_verifyAddRemoveElementsText" time="0.428"/>
  <system-out/>
</testsuite> <!-- TestSuites.QA_Environment.HerokuAppTestClass01 -->
