<?xml version="1.0" encoding="UTF-8"?>
<!-- Generated by org.testng.reporters.JUnitReportReporter -->
<testsuite hostname="DESKTOP-JP61GAF" failures="0" tests="3" name="TestSuites.Staging_Environment.SwagLabsTestClass01" time="11.946" errors="0" timestamp="2023-07-30T11:18:06 EDT" skipped="0">
  <testcase classname="TestSuites.Staging_Environment.SwagLabsTestClass01" name="A1_verifyHomePageText" time="0.156"/>
  <system-out/>
  <testcase classname="TestSuites.Staging_Environment.SwagLabsTestClass01" name="A3_loginWithvalidCredentials" time="5.752"/>
  <system-out/>
  <testcase classname="TestSuites.Staging_Environment.SwagLabsTestClass01" name="A2_loginWithInvalidCredentials" time="6.038"/>
  <system-out/>
</testsuite> <!-- TestSuites.Staging_Environment.SwagLabsTestClass01 -->
